<?xml version="1.0" encoding="UTF-8"?>
<!-- Generated by org.testng.reporters.JUnitXMLReporter -->
<testsuite hostname="DESKTOP-C64J8NP" ignored="0" name=" Valid Test" tests="12" failures="0" timestamp="05 Aug 2020 13:14:53 GMT" time="95.67" errors="0">
  <testcase name="Test0" time="11.508" classname="test.TestInformation"/>
  <testcase name="Test1" time="9.769" classname="test.TestInformation"/>
  <testcase name="smoke1" time="0.117" classname="test.TestInformation"/>
  <testcase name="Test2" time="17.036" classname="test.TestInformation"/>
  <testcase name="smoke2" time="5.776" classname="test.TestInformation"/>
  <testcase name="Test3" time="1.284" classname="test.TestInformation"/>
  <testcase name="smoke3" time="0.08" classname="test.TestInformation"/>
  <testcase name="Test4" time="1.606" classname="test.TestInformation"/>
  <testcase name="smoke4" time="1.352" classname="test.TestInformation"/>
  <testcase name="Test5" time="17.312" classname="test.TestInformation"/>
  <testcase name="Test6" time="1.586" classname="test.TestInformation"/>
  <testcase name="Screenshots" time="4.078" classname="test.TestInformation"/>
</testsuite> <!--  Valid Test -->
