<?xml version="1.0" encoding="UTF-8"?>
<!-- Generated by org.testng.reporters.JUnitXMLReporter -->
<testsuite hostname="DESKTOP-C64J8NP" ignored="0" name="Invalid Test" tests="6" failures="1" timestamp="05 Aug 2020 12:01:28 GMT" time="120.636" errors="0">
  <testcase name="Test0" time="22.122" classname="test.InvalidTest"/>
  <testcase name="invalidLoc" time="9.008" classname="test.InvalidTest"/>
  <testcase name="stay" time="1.296" classname="test.InvalidTest"/>
  <testcase name="roomNumber" time="21.653" classname="test.InvalidTest">
    <failure type="java.lang.AssertionError" message="Cannot select more than 9 rooms expected [true] but found [false]">
      <![CDATA[java.lang.AssertionError: Cannot select more than 9 rooms expected [true] but found [false]
at test.InvalidTest.roomNumber(InvalidTest.java:97)
... Removed 28 stack frames]]>
    </failure>
  </testcase> <!-- roomNumber -->
  <testcase name="searchClick" time="21.282" classname="test.InvalidTest"/>
  <testcase name="invalidMinPrice" time="15.177" classname="test.InvalidTest"/>
</testsuite> <!-- Invalid Test -->
