<?xml version="1.0" encoding="UTF-8"?>
<!-- Generated by org.testng.reporters.JUnitXMLReporter -->
<testsuite hostname="DESKTOP-C64J8NP" ignored="0" name="Test" tests="12" failures="0" timestamp="04 Aug 2020 13:31:38 GMT" time="91.079" errors="0">
  <testcase name="Test0" time="12.44" classname="test.TestInformation"/>
  <testcase name="Test1" time="8.003" classname="test.TestInformation"/>
  <testcase name="smoke1" time="0.304" classname="test.TestInformation"/>
  <testcase name="Test2" time="22.993" classname="test.TestInformation"/>
  <testcase name="smoke2" time="0.141" classname="test.TestInformation"/>
  <testcase name="Test3" time="5.522" classname="test.TestInformation"/>
  <testcase name="smoke3" time="0.122" classname="test.TestInformation"/>
  <testcase name="Test4" time="5.094" classname="test.TestInformation"/>
  <testcase name="smoke4" time="3.917" classname="test.TestInformation"/>
  <testcase name="Test5" time="6.692" classname="test.TestInformation"/>
  <testcase name="Test6" time="1.921" classname="test.TestInformation"/>
  <testcase name="Screenshots" time="4.7" classname="test.TestInformation"/>
</testsuite> <!-- Test -->
