<?xml version="1.0" encoding="UTF-8"?>
<!-- Generated by org.testng.reporters.JUnitXMLReporter -->
<testsuite hostname="DESKTOP-C64J8NP" ignored="0" name=" Valid Test" tests="12" failures="0" timestamp="05 Aug 2020 12:26:51 GMT" time="159.091" errors="0">
  <testcase name="Test0" time="21.808" classname="test.TestInformation"/>
  <testcase name="Test1" time="11.989" classname="test.TestInformation"/>
  <testcase name="smoke1" time="0.849" classname="test.TestInformation"/>
  <testcase name="Test2" time="14.068" classname="test.TestInformation"/>
  <testcase name="smoke2" time="47.496" classname="test.TestInformation"/>
  <testcase name="Test3" time="15.533" classname="test.TestInformation"/>
  <testcase name="smoke3" time="0.289" classname="test.TestInformation"/>
  <testcase name="Test4" time="7.606" classname="test.TestInformation"/>
  <testcase name="smoke4" time="0.241" classname="test.TestInformation"/>
  <testcase name="Test5" time="9.677" classname="test.TestInformation"/>
  <testcase name="Test6" time="1.834" classname="test.TestInformation"/>
  <testcase name="Screenshots" time="4.245" classname="test.TestInformation"/>
</testsuite> <!--  Valid Test -->
