<?xml version="1.0" encoding="UTF-8"?>
<!-- Generated by org.testng.reporters.JUnitXMLReporter -->
<testsuite hostname="DESKTOP-C64J8NP" ignored="0" name="Test" tests="12" failures="0" timestamp="05 Aug 2020 03:59:08 GMT" time="62.304" errors="0">
  <testcase name="Test0" time="7.04" classname="test.TestInformation"/>
  <testcase name="Test1" time="9.484" classname="test.TestInformation"/>
  <testcase name="smoke1" time="0.073" classname="test.TestInformation"/>
  <testcase name="Test2" time="11.22" classname="test.TestInformation"/>
  <testcase name="smoke2" time="0.119" classname="test.TestInformation"/>
  <testcase name="Test3" time="5.091" classname="test.TestInformation"/>
  <testcase name="smoke3" time="0.109" classname="test.TestInformation"/>
  <testcase name="Test4" time="3.114" classname="test.TestInformation"/>
  <testcase name="smoke4" time="0.214" classname="test.TestInformation"/>
  <testcase name="Test5" time="4.732" classname="test.TestInformation"/>
  <testcase name="Test6" time="1.178" classname="test.TestInformation"/>
  <testcase name="Screenshots" time="4.134" classname="test.TestInformation"/>
</testsuite> <!-- Test -->
