<?xml version="1.0" encoding="UTF-8"?>
<testsuite xmlns:xsi="http://www.w3.org/2001/XMLSchema-instance" xsi:noNamespaceSchemaLocation="https://maven.apache.org/surefire/maven-surefire-plugin/xsd/surefire-test-report.xsd" name="TestSuite" time="291.291" tests="18" errors="0" skipped="0" failures="2">
  <properties>
[...]
</properties>
  <testcase name="Test0" classname="test.TestInformation" time="21.799"/>
  <testcase name="Test1" classname="test.TestInformation" time="11.991"/>
  <testcase name="smoke1" classname="test.TestInformation" time="0.852"/>
  <testcase name="Test2" classname="test.TestInformation" time="14.069"/>
  <testcase name="smoke2" classname="test.TestInformation" time="47.497"/>
  <testcase name="Test3" classname="test.TestInformation" time="15.537"/>
  <testcase name="smoke3" classname="test.TestInformation" time="0.292"/>
  <testcase name="Test4" classname="test.TestInformation" time="7.597"/>
  <testcase name="smoke4" classname="test.TestInformation" time="0.242"/>
  <testcase name="Test5" classname="test.TestInformation" time="9.681"/>
  <testcase name="Test6" classname="test.TestInformation" time="1.827"/>
  <testcase name="Screenshots" classname="test.TestInformation" time="4.245"/>
  <testcase name="Test0" classname="test.InvalidTest" time="22.334"/>
  <testcase name="invalidLoc" classname="test.InvalidTest" time="4.958"/>
  <testcase name="stay" classname="test.InvalidTest" time="1.411"/>
  <testcase name="roomNumber" classname="test.InvalidTest" time="12.415">
    <failure message="Cannot select more than 9 rooms expected [true] but found [false]" type="java.lang.AssertionError">java.lang.AssertionError: Cannot select more than 9 rooms expected [true] but found [false]
	at test.InvalidTest.roomNumber(InvalidTest.java:97)
</failure>
  </testcase>
  <testcase name="searchClick" classname="test.InvalidTest" time="32.395">
    <failure message="timeout: Timed out receiving message from renderer: 30.000&#10;  (Session info: chrome=84.0.4147.105)&#10;Build info: version: &apos;3.14.0&apos;, revision: &apos;aacccce0&apos;, time: &apos;2018-08-02T20:19:58.91Z&apos;&#10;System info: host: &apos;DESKTOP-C64J8NP&apos;, ip: &apos;192.168.29.248&apos;, os.name: &apos;Windows 10&apos;, os.arch: &apos;amd64&apos;, os.version: &apos;10.0&apos;, java.version: &apos;1.8.0_241&apos;&#10;Driver info: org.openqa.selenium.chrome.ChromeDriver&#10;Capabilities {acceptInsecureCerts: false, browserName: chrome, browserVersion: 84.0.4147.105, chrome: {chromedriverVersion: 84.0.4147.30 (48b3e868b4cc0..., userDataDir: C:\Users\ARUP\AppData\Local...}, goog:chromeOptions: {debuggerAddress: localhost:50343}, javascriptEnabled: true, networkConnectionEnabled: false, pageLoadStrategy: normal, platform: WINDOWS, platformName: WINDOWS, proxy: Proxy(), setWindowRect: true, strictFileInteractability: false, timeouts: {implicit: 0, pageLoad: 300000, script: 30000}, unhandledPromptBehavior: dismiss and notify, webauthn:virtualAuthenticators: true}&#10;Session ID: 94a0bb61ef2a4e19ff2e20f59a51e7bb" type="org.openqa.selenium.TimeoutException">org.openqa.selenium.TimeoutException: 
timeout: Timed out receiving message from renderer: 30.000
  (Session info: chrome=84.0.4147.105)
Build info: version: '3.14.0', revision: 'aacccce0', time: '2018-08-02T20:19:58.91Z'
System info: host: 'DESKTOP-C64J8NP', ip: '192.168.29.248', os.name: 'Windows 10', os.arch: 'amd64', os.version: '10.0', java.version: '1.8.0_241'
Driver info: org.openqa.selenium.chrome.ChromeDriver
Capabilities {acceptInsecureCerts: false, browserName: chrome, browserVersion: 84.0.4147.105, chrome: {chromedriverVersion: 84.0.4147.30 (48b3e868b4cc0..., userDataDir: C:\Users\ARUP\AppData\Local...}, goog:chromeOptions: {debuggerAddress: localhost:50343}, javascriptEnabled: true, networkConnectionEnabled: false, pageLoadStrategy: normal, platform: WINDOWS, platformName: WINDOWS, proxy: Proxy(), setWindowRect: true, strictFileInteractability: false, timeouts: {implicit: 0, pageLoad: 300000, script: 30000}, unhandledPromptBehavior: dismiss and notify, webauthn:virtualAuthenticators: true}
Session ID: 94a0bb61ef2a4e19ff2e20f59a51e7bb
	at test.InvalidTest.searchClick(InvalidTest.java:106)
</failure>
    <system-err><![CDATA[[1596630492.695][SEVERE]: Timed out receiving message from renderer: 30.000
[1596630493.405][SEVERE]: Timed out receiving message from renderer: 30.000
Aug 05, 2020 5:58:13 PM org.openqa.selenium.remote.ErrorCodes toStatus
INFO: HTTP Status: '500' -> incorrect JSON status mapping for 'timeout' (408 expected)
]]></system-err>
  </testcase>
  <testcase name="invalidMinPrice" classname="test.InvalidTest" time="30.106"/>
</testsuite>